<?xml version="1.0" encoding="UTF-8"?>
<!-- Generated by org.testng.reporters.JUnitXMLReporter -->
<testsuite hostname="DESKTOP-TUM767L" ignored="1" name="ChromeTestCases" tests="6" failures="0" timestamp="17 Nov 2019 23:20:16 GMT" time="435.639" errors="0">
  <testcase name="testSearchPageTestCase1" time="7.451" classname="com.romanceabroad.ui.SearchTests"/>
  <testcase name="testAgeDropdownsTestCase3" time="15.6" classname="com.romanceabroad.ui.SearchTests"/>
  <testcase name="testDefaultDropdownTestCase4" time="81.168" classname="com.romanceabroad.ui.SearchTests"/>
  <testcase name="testDefaultDropdownTestCase4" time="82.985" classname="com.romanceabroad.ui.SearchTests"/>
  <testcase name="testDefaultDropdownTestCase4" time="82.809" classname="com.romanceabroad.ui.SearchTests"/>
  <testcase name="testDefaultDropdownTestCase4" time="10.596" classname="com.romanceabroad.ui.SearchTests"/>
  <testcase name="testDefaultDropdownTestCase2" time="0.0" classname="com.romanceabroad.ui.SearchTests">
    <ignored/>
  </testcase> <!-- testDefaultDropdownTestCase2 -->
</testsuite> <!-- ChromeTestCases -->
