<?xml version="1.0" encoding="UTF-8"?>
<!-- Generated by org.testng.reporters.JUnitXMLReporter -->
<testsuite hostname="DESKTOP-TUM767L" ignored="1" name="ChromeTestCases" tests="6" failures="0" timestamp="24 Nov 2019 20:37:26 GMT" time="552.296" errors="0">
  <testcase name="testSearchPageTestCase1" time="17.454" classname="com.romanceabroad.ui.SearchTests"/>
  <testcase name="testAgeDropdownsTestCase3" time="23.208" classname="com.romanceabroad.ui.SearchTests"/>
  <testcase name="testDefaultDropdownTestCase4" time="82.221" classname="com.romanceabroad.ui.SearchTests"/>
  <testcase name="testDefaultDropdownTestCase4" time="85.92" classname="com.romanceabroad.ui.SearchTests"/>
  <testcase name="testDefaultDropdownTestCase4" time="92.692" classname="com.romanceabroad.ui.SearchTests"/>
  <testcase name="testDefaultDropdownTestCase4" time="27.358" classname="com.romanceabroad.ui.SearchTests"/>
  <testcase name="testDefaultDropdownTestCase2" time="0.0" classname="com.romanceabroad.ui.SearchTests">
    <ignored/>
  </testcase> <!-- testDefaultDropdownTestCase2 -->
</testsuite> <!-- ChromeTestCases -->
