<?xml version="1.0" encoding="UTF-8"?>
<!-- Generated by org.testng.reporters.JUnitXMLReporter -->
<testsuite hostname="DESKTOP-TUM767L" ignored="1" name="ChromeTestCases" tests="6" failures="0" timestamp="17 Nov 2019 22:56:14 GMT" time="483.149" errors="0">
  <testcase name="testSearchPageTestCase1" time="9.8" classname="com.romanceabroad.ui.SearchTests"/>
  <testcase name="testAgeDropdownsTestCase3" time="12.574" classname="com.romanceabroad.ui.SearchTests"/>
  <testcase name="testDefaultDropdownTestCase4" time="87.899" classname="com.romanceabroad.ui.SearchTests"/>
  <testcase name="testDefaultDropdownTestCase4" time="93.286" classname="com.romanceabroad.ui.SearchTests"/>
  <testcase name="testDefaultDropdownTestCase4" time="84.115" classname="com.romanceabroad.ui.SearchTests"/>
  <testcase name="testDefaultDropdownTestCase4" time="9.627" classname="com.romanceabroad.ui.SearchTests"/>
  <testcase name="testDefaultDropdownTestCase2" time="0.0" classname="com.romanceabroad.ui.SearchTests">
    <ignored/>
  </testcase> <!-- testDefaultDropdownTestCase2 -->
</testsuite> <!-- ChromeTestCases -->
