<?xml version="1.0" encoding="UTF-8"?>
<testsuite xmlns:xsi="http://www.w3.org/2001/XMLSchema-instance" xsi:noNamespaceSchemaLocation="https://maven.apache.org/surefire/maven-surefire-plugin/xsd/surefire-test-report-3.0.xsd" version="3.0" name="TestSuite" time="444.049" tests="6" errors="0" skipped="0" failures="1">
  <properties>
[...]
</properties>
  <testcase name="testSearchPageTestCase1" classname="com.romanceabroad.ui.SearchTests" time="9.91"/>
  <testcase name="testAgeDropdownsTestCase3" classname="com.romanceabroad.ui.SearchTests" time="26.511"/>
  <testcase name="testDefaultDropdownTestCase4" classname="com.romanceabroad.ui.SearchTests" time="15.164">
    <failure message="chrome not reachable&#10;  (Session info: chrome=78.0.3904.108)&#10;Build info: version: &apos;3.141.59&apos;, revision: &apos;e82be7d358&apos;, time: &apos;2018-11-14T08:17:03&apos;&#10;System info: host: &apos;DESKTOP-TUM767L&apos;, ip: &apos;192.168.1.23&apos;, os.name: &apos;Windows 10&apos;, os.arch: &apos;amd64&apos;, os.version: &apos;10.0&apos;, java.version: &apos;1.8.0_191&apos;&#10;Driver info: org.openqa.selenium.chrome.ChromeDriver&#10;Capabilities {acceptInsecureCerts: false, browserName: chrome, browserVersion: 78.0.3904.108, chrome: {chromedriverVersion: 77.0.3865.40 (f484704e052e0..., userDataDir: C:\Users\OJWIND~1\AppData\L...}, goog:chromeOptions: {debuggerAddress: localhost:62041}, javascriptEnabled: true, networkConnectionEnabled: false, pageLoadStrategy: normal, platform: XP, platformName: XP, proxy: Proxy(), setWindowRect: true, strictFileInteractability: false, timeouts: {implicit: 0, pageLoad: 300000, script: 30000}, unhandledPromptBehavior: dismiss and notify}&#10;Session ID: 7fd50f1ad3591102081364b790769667&#10;*** Element info: {Using=xpath, value=//div[@class=&apos;col-xs-5 no-padding-left&apos;]//select[@id=&apos;age_min&apos;]}" type="org.openqa.selenium.WebDriverException">org.openqa.selenium.WebDriverException: 
chrome not reachable
  (Session info: chrome=78.0.3904.108)
Build info: version: '3.141.59', revision: 'e82be7d358', time: '2018-11-14T08:17:03'
System info: host: 'DESKTOP-TUM767L', ip: '192.168.1.23', os.name: 'Windows 10', os.arch: 'amd64', os.version: '10.0', java.version: '1.8.0_191'
Driver info: org.openqa.selenium.chrome.ChromeDriver
Capabilities {acceptInsecureCerts: false, browserName: chrome, browserVersion: 78.0.3904.108, chrome: {chromedriverVersion: 77.0.3865.40 (f484704e052e0..., userDataDir: C:\Users\OJWIND~1\AppData\L...}, goog:chromeOptions: {debuggerAddress: localhost:62041}, javascriptEnabled: true, networkConnectionEnabled: false, pageLoadStrategy: normal, platform: XP, platformName: XP, proxy: Proxy(), setWindowRect: true, strictFileInteractability: false, timeouts: {implicit: 0, pageLoad: 300000, script: 30000}, unhandledPromptBehavior: dismiss and notify}
Session ID: 7fd50f1ad3591102081364b790769667
*** Element info: {Using=xpath, value=//div[@class='col-xs-5 no-padding-left']//select[@id='age_min']}
	at com.romanceabroad.ui.SearchTests.testDefaultDropdownTestCase4(SearchTests.java:49)
</failure>
    <system-out><![CDATA[18
80
]]></system-out>
    <system-err><![CDATA[Starting ChromeDriver 77.0.3865.40 (f484704e052e0b556f8030b65b953dce96503217-refs/branch-heads/3865@{#442}) on port 11811
Only local connections are allowed.
Please protect ports used by ChromeDriver and related test frameworks to prevent access by malicious code.
[1574627993.565][WARNING]: This version of ChromeDriver has not been tested with Chrome version 78.
[1574627995.967][WARNING]: Timed out connecting to Chrome, retrying...
Nov 24, 2019 3:39:58 PM org.openqa.selenium.remote.ProtocolHandshake createSession
INFO: Detected dialect: W3C
[1574628003.326][WARNING]: Timed out connecting to Chrome, retrying...
[1574628025.757][WARNING]: Timed out connecting to Chrome, retrying...
[1574628029.758][WARNING]: Timed out connecting to Chrome, retrying...
]]></system-err>
  </testcase>
  <testcase name="testDefaultDropdownTestCase4" classname="com.romanceabroad.ui.SearchTests" time="91.338"/>
  <testcase name="testDefaultDropdownTestCase4" classname="com.romanceabroad.ui.SearchTests" time="85.387"/>
  <testcase name="testDefaultDropdownTestCase4" classname="com.romanceabroad.ui.SearchTests" time="11.502"/>
</testsuite>