<?xml version="1.0" encoding="UTF-8"?>
<testng-results skipped="0" failed="1" ignored="1" total="7" passed="5">
  <reporter-output>
  </reporter-output>
  <suite name="TestSuite" duration-ms="440821" started-at="2019-11-24T20:37:57Z" finished-at="2019-11-24T20:45:17Z">
    <groups>
      <group name="regression">
        <method signature="SearchTests.testAgeDropdownsTestCase3()[pri:3, instance:com.romanceabroad.ui.SearchTests@34b7bfc0]" name="testAgeDropdownsTestCase3" class="com.romanceabroad.ui.SearchTests"/>
        <method signature="SearchTests.testDefaultDropdownTestCase4(java.lang.String, java.lang.String, java.lang.String)[pri:4, instance:com.romanceabroad.ui.SearchTests@34b7bfc0]" name="testDefaultDropdownTestCase4" class="com.romanceabroad.ui.SearchTests"/>
      </group> <!-- regression -->
      <group name="smoke">
        <method signature="SearchTests.testSearchPageTestCase1()[pri:1, instance:com.romanceabroad.ui.SearchTests@34b7bfc0]" name="testSearchPageTestCase1" class="com.romanceabroad.ui.SearchTests"/>
      </group> <!-- smoke -->
    </groups>
    <test name="ChromeTestCases" duration-ms="440821" started-at="2019-11-24T20:37:57Z" finished-at="2019-11-24T20:45:17Z">
      <class name="com.romanceabroad.ui.SearchTests">
        <test-method status="PASS" signature="setup(java.lang.String, java.lang.reflect.Method)[pri:0, instance:com.romanceabroad.ui.SearchTests@34b7bfc0]" name="setup" is-config="true" duration-ms="37078" started-at="2019-11-24T20:37:57Z" finished-at="2019-11-24T20:38:34Z">
          <params>
            <param index="0">
              <value>
                <![CDATA[chrome]]>
              </value>
            </param>
            <param index="1">
              <value>
                <![CDATA[public void com.romanceabroad.ui.SearchTests.testSearchPageTestCase1()]]>
              </value>
            </param>
          </params>
          <reporter-output>
          </reporter-output>
        </test-method> <!-- setup -->
        <test-method status="PASS" signature="testSearchPageTestCase1()[pri:1, instance:com.romanceabroad.ui.SearchTests@34b7bfc0]" name="testSearchPageTestCase1" duration-ms="9907" started-at="2019-11-24T20:38:34Z" finished-at="2019-11-24T20:38:44Z">
          <reporter-output>
          </reporter-output>
        </test-method> <!-- testSearchPageTestCase1 -->
        <test-method status="PASS" signature="setup(java.lang.String, java.lang.reflect.Method)[pri:0, instance:com.romanceabroad.ui.SearchTests@34b7bfc0]" name="setup" is-config="true" duration-ms="39222" started-at="2019-11-24T20:38:44Z" finished-at="2019-11-24T20:39:23Z">
          <params>
            <param index="0">
              <value>
                <![CDATA[chrome]]>
              </value>
            </param>
            <param index="1">
              <value>
                <![CDATA[public void com.romanceabroad.ui.SearchTests.testAgeDropdownsTestCase3()]]>
              </value>
            </param>
          </params>
          <reporter-output>
          </reporter-output>
        </test-method> <!-- setup -->
        <test-method status="PASS" signature="testAgeDropdownsTestCase3()[pri:3, instance:com.romanceabroad.ui.SearchTests@34b7bfc0]" name="testAgeDropdownsTestCase3" duration-ms="26511" started-at="2019-11-24T20:39:23Z" finished-at="2019-11-24T20:39:49Z">
          <reporter-output>
          </reporter-output>
        </test-method> <!-- testAgeDropdownsTestCase3 -->
        <test-method status="PASS" signature="setup(java.lang.String, java.lang.reflect.Method)[pri:0, instance:com.romanceabroad.ui.SearchTests@34b7bfc0]" name="setup" is-config="true" duration-ms="33440" started-at="2019-11-24T20:39:49Z" finished-at="2019-11-24T20:40:23Z">
          <params>
            <param index="0">
              <value>
                <![CDATA[chrome]]>
              </value>
            </param>
            <param index="1">
              <value>
                <![CDATA[public void com.romanceabroad.ui.SearchTests.testDefaultDropdownTestCase4(java.lang.String,java.lang.String,java.lang.String)]]>
              </value>
            </param>
          </params>
          <reporter-output>
          </reporter-output>
        </test-method> <!-- setup -->
        <test-method status="FAIL" signature="testDefaultDropdownTestCase4(java.lang.String, java.lang.String, java.lang.String)[pri:4, instance:com.romanceabroad.ui.SearchTests@34b7bfc0]" name="testDefaultDropdownTestCase4" duration-ms="15124" started-at="2019-11-24T20:40:23Z" data-provider="Search" finished-at="2019-11-24T20:40:38Z">
          <params>
            <param index="0">
              <value>
                <![CDATA[18]]>
              </value>
            </param>
            <param index="1">
              <value>
                <![CDATA[80]]>
              </value>
            </param>
            <param index="2">
              <value>
                <![CDATA[Default]]>
              </value>
            </param>
          </params>
          <exception class="org.openqa.selenium.WebDriverException">
            <message>
              <![CDATA[chrome not reachable
  (Session info: chrome=78.0.3904.108)
Build info: version: '3.141.59', revision: 'e82be7d358', time: '2018-11-14T08:17:03'
System info: host: 'DESKTOP-TUM767L', ip: '192.168.1.23', os.name: 'Windows 10', os.arch: 'amd64', os.version: '10.0', java.version: '1.8.0_191'
Driver info: org.openqa.selenium.chrome.ChromeDriver
Capabilities {acceptInsecureCerts: false, browserName: chrome, browserVersion: 78.0.3904.108, chrome: {chromedriverVersion: 77.0.3865.40 (f484704e052e0..., userDataDir: C:\Users\OJWIND~1\AppData\L...}, goog:chromeOptions: {debuggerAddress: localhost:62041}, javascriptEnabled: true, networkConnectionEnabled: false, pageLoadStrategy: normal, platform: XP, platformName: XP, proxy: Proxy(), setWindowRect: true, strictFileInteractability: false, timeouts: {implicit: 0, pageLoad: 300000, script: 30000}, unhandledPromptBehavior: dismiss and notify}
Session ID: 7fd50f1ad3591102081364b790769667
*** Element info: {Using=xpath, value=//div[@class='col-xs-5 no-padding-left']//select[@id='age_min']}]]>
            </message>
            <full-stacktrace>
              <![CDATA[org.openqa.selenium.WebDriverException: chrome not reachable
  (Session info: chrome=78.0.3904.108)
Build info: version: '3.141.59', revision: 'e82be7d358', time: '2018-11-14T08:17:03'
System info: host: 'DESKTOP-TUM767L', ip: '192.168.1.23', os.name: 'Windows 10', os.arch: 'amd64', os.version: '10.0', java.version: '1.8.0_191'
Driver info: org.openqa.selenium.chrome.ChromeDriver
Capabilities {acceptInsecureCerts: false, browserName: chrome, browserVersion: 78.0.3904.108, chrome: {chromedriverVersion: 77.0.3865.40 (f484704e052e0..., userDataDir: C:\Users\OJWIND~1\AppData\L...}, goog:chromeOptions: {debuggerAddress: localhost:62041}, javascriptEnabled: true, networkConnectionEnabled: false, pageLoadStrategy: normal, platform: XP, platformName: XP, proxy: Proxy(), setWindowRect: true, strictFileInteractability: false, timeouts: {implicit: 0, pageLoad: 300000, script: 30000}, unhandledPromptBehavior: dismiss and notify}
Session ID: 7fd50f1ad3591102081364b790769667
*** Element info: {Using=xpath, value=//div[@class='col-xs-5 no-padding-left']//select[@id='age_min']}
at sun.reflect.NativeConstructorAccessorImpl.newInstance0(Native Method)
at sun.reflect.NativeConstructorAccessorImpl.newInstance(NativeConstructorAccessorImpl.java:62)
at sun.reflect.DelegatingConstructorAccessorImpl.newInstance(DelegatingConstructorAccessorImpl.java:45)
at java.lang.reflect.Constructor.newInstance(Constructor.java:423)
at org.openqa.selenium.remote.http.W3CHttpResponseCodec.createException(W3CHttpResponseCodec.java:187)
at org.openqa.selenium.remote.http.W3CHttpResponseCodec.decode(W3CHttpResponseCodec.java:122)
at org.openqa.selenium.remote.http.W3CHttpResponseCodec.decode(W3CHttpResponseCodec.java:49)
at org.openqa.selenium.remote.HttpCommandExecutor.execute(HttpCommandExecutor.java:158)
at org.openqa.selenium.remote.service.DriverCommandExecutor.execute(DriverCommandExecutor.java:83)
at org.openqa.selenium.remote.RemoteWebDriver.execute(RemoteWebDriver.java:552)
at org.openqa.selenium.remote.RemoteWebDriver.findElement(RemoteWebDriver.java:323)
at org.openqa.selenium.remote.RemoteWebDriver.findElementByXPath(RemoteWebDriver.java:428)
at org.openqa.selenium.By$ByXPath.findElement(By.java:353)
at org.openqa.selenium.remote.RemoteWebDriver.findElement(RemoteWebDriver.java:315)
at com.romanceabroad.ui.SearchTests.testDefaultDropdownTestCase4(SearchTests.java:49)
at sun.reflect.NativeMethodAccessorImpl.invoke0(Native Method)
at sun.reflect.NativeMethodAccessorImpl.invoke(NativeMethodAccessorImpl.java:62)
at sun.reflect.DelegatingMethodAccessorImpl.invoke(DelegatingMethodAccessorImpl.java:43)
at java.lang.reflect.Method.invoke(Method.java:498)
at org.testng.internal.MethodInvocationHelper.invokeMethod(MethodInvocationHelper.java:124)
at org.testng.internal.Invoker.invokeMethod(Invoker.java:583)
at org.testng.internal.Invoker.invokeTestMethod(Invoker.java:719)
at org.testng.internal.Invoker.invokeTestMethods(Invoker.java:989)
at org.testng.internal.TestMethodWorker.invokeTestMethods(TestMethodWorker.java:125)
at org.testng.internal.TestMethodWorker.run(TestMethodWorker.java:109)
at org.testng.TestRunner.privateRun(TestRunner.java:648)
at org.testng.TestRunner.run(TestRunner.java:505)
at org.testng.SuiteRunner.runTest(SuiteRunner.java:455)
at org.testng.SuiteRunner.runSequentially(SuiteRunner.java:450)
at org.testng.SuiteRunner.privateRun(SuiteRunner.java:415)
at org.testng.SuiteRunner.run(SuiteRunner.java:364)
at org.testng.SuiteRunnerWorker.runSuite(SuiteRunnerWorker.java:52)
at org.testng.SuiteRunnerWorker.run(SuiteRunnerWorker.java:84)
at org.testng.TestNG.runSuitesSequentially(TestNG.java:1208)
at org.testng.TestNG.runSuitesLocally(TestNG.java:1137)
at org.testng.TestNG.runSuites(TestNG.java:1049)
at org.testng.TestNG.run(TestNG.java:1017)
at org.apache.maven.surefire.testng.TestNGExecutor.run(TestNGExecutor.java:283)
at org.apache.maven.surefire.testng.TestNGXmlTestSuite.execute(TestNGXmlTestSuite.java:75)
at org.apache.maven.surefire.testng.TestNGProvider.invoke(TestNGProvider.java:120)
at org.apache.maven.surefire.booter.ForkedBooter.invokeProviderInSameClassLoader(ForkedBooter.java:384)
at org.apache.maven.surefire.booter.ForkedBooter.runSuitesInProcess(ForkedBooter.java:345)
at org.apache.maven.surefire.booter.ForkedBooter.execute(ForkedBooter.java:126)
at org.apache.maven.surefire.booter.ForkedBooter.main(ForkedBooter.java:418)
]]>
            </full-stacktrace>
          </exception> <!-- org.openqa.selenium.WebDriverException -->
          <reporter-output>
          </reporter-output>
        </test-method> <!-- testDefaultDropdownTestCase4 -->
        <test-method status="PASS" signature="setup(java.lang.String, java.lang.reflect.Method)[pri:0, instance:com.romanceabroad.ui.SearchTests@34b7bfc0]" name="setup" is-config="true" duration-ms="31249" started-at="2019-11-24T20:40:38Z" finished-at="2019-11-24T20:41:09Z">
          <params>
            <param index="0">
              <value>
                <![CDATA[chrome]]>
              </value>
            </param>
            <param index="1">
              <value>
                <![CDATA[public void com.romanceabroad.ui.SearchTests.testDefaultDropdownTestCase4(java.lang.String,java.lang.String,java.lang.String)]]>
              </value>
            </param>
          </params>
          <reporter-output>
          </reporter-output>
        </test-method> <!-- setup -->
        <test-method status="PASS" signature="testDefaultDropdownTestCase4(java.lang.String, java.lang.String, java.lang.String)[pri:4, instance:com.romanceabroad.ui.SearchTests@34b7bfc0]" name="testDefaultDropdownTestCase4" duration-ms="91339" started-at="2019-11-24T20:41:09Z" data-provider="Search" finished-at="2019-11-24T20:42:41Z">
          <params>
            <param index="0">
              <value>
                <![CDATA[25]]>
              </value>
            </param>
            <param index="1">
              <value>
                <![CDATA[50]]>
              </value>
            </param>
            <param index="2">
              <value>
                <![CDATA[Name]]>
              </value>
            </param>
          </params>
          <reporter-output>
          </reporter-output>
        </test-method> <!-- testDefaultDropdownTestCase4 -->
        <test-method status="PASS" signature="setup(java.lang.String, java.lang.reflect.Method)[pri:0, instance:com.romanceabroad.ui.SearchTests@34b7bfc0]" name="setup" is-config="true" duration-ms="27873" started-at="2019-11-24T20:42:41Z" finished-at="2019-11-24T20:43:08Z">
          <params>
            <param index="0">
              <value>
                <![CDATA[chrome]]>
              </value>
            </param>
            <param index="1">
              <value>
                <![CDATA[public void com.romanceabroad.ui.SearchTests.testDefaultDropdownTestCase4(java.lang.String,java.lang.String,java.lang.String)]]>
              </value>
            </param>
          </params>
          <reporter-output>
          </reporter-output>
        </test-method> <!-- setup -->
        <test-method status="PASS" signature="testDefaultDropdownTestCase4(java.lang.String, java.lang.String, java.lang.String)[pri:4, instance:com.romanceabroad.ui.SearchTests@34b7bfc0]" name="testDefaultDropdownTestCase4" duration-ms="85386" started-at="2019-11-24T20:43:08Z" data-provider="Search" finished-at="2019-11-24T20:44:34Z">
          <params>
            <param index="0">
              <value>
                <![CDATA[40]]>
              </value>
            </param>
            <param index="1">
              <value>
                <![CDATA[60]]>
              </value>
            </param>
            <param index="2">
              <value>
                <![CDATA[Views]]>
              </value>
            </param>
          </params>
          <reporter-output>
          </reporter-output>
        </test-method> <!-- testDefaultDropdownTestCase4 -->
        <test-method status="PASS" signature="setup(java.lang.String, java.lang.reflect.Method)[pri:0, instance:com.romanceabroad.ui.SearchTests@34b7bfc0]" name="setup" is-config="true" duration-ms="32093" started-at="2019-11-24T20:44:34Z" finished-at="2019-11-24T20:45:06Z">
          <params>
            <param index="0">
              <value>
                <![CDATA[chrome]]>
              </value>
            </param>
            <param index="1">
              <value>
                <![CDATA[public void com.romanceabroad.ui.SearchTests.testDefaultDropdownTestCase4(java.lang.String,java.lang.String,java.lang.String)]]>
              </value>
            </param>
          </params>
          <reporter-output>
          </reporter-output>
        </test-method> <!-- setup -->
        <test-method status="PASS" signature="testDefaultDropdownTestCase4(java.lang.String, java.lang.String, java.lang.String)[pri:4, instance:com.romanceabroad.ui.SearchTests@34b7bfc0]" name="testDefaultDropdownTestCase4" duration-ms="11502" started-at="2019-11-24T20:45:06Z" data-provider="Search" finished-at="2019-11-24T20:45:17Z">
          <params>
            <param index="0">
              <value>
                <![CDATA[60]]>
              </value>
            </param>
            <param index="1">
              <value>
                <![CDATA[80]]>
              </value>
            </param>
            <param index="2">
              <value>
                <![CDATA[Registration date]]>
              </value>
            </param>
          </params>
          <reporter-output>
          </reporter-output>
        </test-method> <!-- testDefaultDropdownTestCase4 -->
      </class> <!-- com.romanceabroad.ui.SearchTests -->
    </test> <!-- ChromeTestCases -->
  </suite> <!-- TestSuite -->
</testng-results>
